0 info it worked if it ends with ok
1 verbose cli [ '/usr/bin/node', '/usr/bin/npm', 'install', '-g', 'autosave' ]
2 info using npm@1.4.28
3 info using node@v0.10.37
4 verbose node symlink /usr/bin/node
5 verbose cache add [ 'autosave', null ]
6 verbose cache add name=undefined spec="autosave" args=["autosave",null]
7 verbose parsed url { protocol: null,
7 verbose parsed url   slashes: null,
7 verbose parsed url   auth: null,
7 verbose parsed url   host: null,
7 verbose parsed url   port: null,
7 verbose parsed url   hostname: null,
7 verbose parsed url   hash: null,
7 verbose parsed url   search: null,
7 verbose parsed url   query: null,
7 verbose parsed url   pathname: 'autosave',
7 verbose parsed url   path: 'autosave',
7 verbose parsed url   href: 'autosave' }
8 silly lockFile 20aa73aa-autosave autosave
9 verbose lock autosave /home/joarija/.npm/20aa73aa-autosave.lock
10 silly lockFile 20aa73aa-autosave autosave
11 silly lockFile 20aa73aa-autosave autosave
12 verbose addNamed [ 'autosave', '' ]
13 verbose addNamed [ null, '*' ]
14 silly lockFile 31f87189-autosave autosave@
15 verbose lock autosave@ /home/joarija/.npm/31f87189-autosave.lock
16 silly addNameRange { name: 'autosave', range: '*', hasData: false }
17 verbose request where is /autosave
18 verbose request registry https://registry.npmjs.org/
19 verbose request id 2249fb4e903dd102
20 verbose url raw /autosave
21 verbose url resolving [ 'https://registry.npmjs.org/', './autosave' ]
22 verbose url resolved https://registry.npmjs.org/autosave
23 verbose request where is https://registry.npmjs.org/autosave
24 info trying registry request attempt 1 at 19:14:21
25 verbose etag "KL9BML3X99SD8ZZBLR25KUP0"
26 http GET https://registry.npmjs.org/autosave
27 http 304 https://registry.npmjs.org/autosave
28 silly registry.get cb [ 304,
28 silly registry.get   { date: 'Sun, 12 Apr 2015 17:14:21 GMT',
28 silly registry.get     server: 'Apache',
28 silly registry.get     via: '1.1 varnish',
28 silly registry.get     'last-modified': 'Sun, 12 Apr 2015 17:14:21 GMT',
28 silly registry.get     'cache-control': 'max-age=60',
28 silly registry.get     etag: '"KL9BML3X99SD8ZZBLR25KUP0"',
28 silly registry.get     age: '21',
28 silly registry.get     'x-served-by': 'cache-fra1222-FRA',
28 silly registry.get     'x-cache': 'HIT',
28 silly registry.get     'x-cache-hits': '1',
28 silly registry.get     'x-timer': 'S1428858861.482920,VS0,VE0',
28 silly registry.get     vary: 'Accept',
28 silly registry.get     'content-length': '0',
28 silly registry.get     'keep-alive': 'timeout=10, max=50',
28 silly registry.get     connection: 'Keep-Alive' } ]
29 verbose etag https://registry.npmjs.org/autosave from cache
30 silly addNameRange number 2 { name: 'autosave', range: '*', hasData: true }
31 silly addNameRange versions [ 'autosave',
31 silly addNameRange   [ '0.1.0',
31 silly addNameRange     '0.2.0',
31 silly addNameRange     '0.2.1',
31 silly addNameRange     '0.2.2',
31 silly addNameRange     '0.2.3',
31 silly addNameRange     '0.3.0',
31 silly addNameRange     '0.3.1',
31 silly addNameRange     '0.3.2',
31 silly addNameRange     '1.0.0',
31 silly addNameRange     '1.0.1',
31 silly addNameRange     '1.0.2',
31 silly addNameRange     '1.0.3' ] ]
32 verbose addNamed [ 'autosave', '1.0.3' ]
33 verbose addNamed [ '1.0.3', '1.0.3' ]
34 silly lockFile c7af0965-autosave-1-0-3 autosave@1.0.3
35 verbose lock autosave@1.0.3 /home/joarija/.npm/c7af0965-autosave-1-0-3.lock
36 silly lockFile c7af0965-autosave-1-0-3 autosave@1.0.3
37 silly lockFile c7af0965-autosave-1-0-3 autosave@1.0.3
38 silly lockFile 31f87189-autosave autosave@
39 silly lockFile 31f87189-autosave autosave@
40 silly resolved [ { name: 'autosave',
40 silly resolved     version: '1.0.3',
40 silly resolved     description: 'A server for Chrome Devtools Autosave (https://github.com/NV/chrome-devtools-autosave)',
40 silly resolved     keywords: [ 'devtools' ],
40 silly resolved     bin: { autosave: './bin/autosave' },
40 silly resolved     scripts:
40 silly resolved      { autostart: './scripts/autostart.sh',
40 silly resolved        install: 'node ./scripts/install.js' },
40 silly resolved     preferGlobal: true,
40 silly resolved     author: { name: 'Nikita Vasilyev', email: 'me@elv1s.ru' },
40 silly resolved     main: 'index',
40 silly resolved     engines: { node: '>= 0.4.x' },
40 silly resolved     repository:
40 silly resolved      { type: 'git',
40 silly resolved        url: 'git://github.com/NV/chrome-devtools-autosave-server.git' },
40 silly resolved     bugs: { url: 'https://github.com/NV/chrome-devtools-autosave-server/issues' },
40 silly resolved     dependencies: { commander: '0.5.x' },
40 silly resolved     readme: 'A server for **[chrome-devtools-autosave](https://github.com/NV/chrome-devtools-autosave)**.\n\n## Installation\n\n1. Install [Node.js](http://nodejs.org/)\n2. Open a terminal (Terminal.app on Mac OS X, cmd.exe on Windows)\n3. Run `npm install -g autosave`\n\n> It fails with "Error: EACCES, permission denied". What should I do?\n\nRun the same command as an administrator. On Mac OS X and Linux it would be `sudo npm install -g autosave`.\n\n## Usage\n\nRun `autosave` in the terminal.\nYou should see something like "DevTools Autosave is running on http://127.0.0.1:9104".\n\n> It doesn’t work on Windows. I’m having `\'autosave\' is not recognized as an internal or external command`\n\nHave you tried turn it it off and on again? Seriously, restart the system.\n\n## Run on OS launch\n\nIt might be annoying to open a terminal and type "autosave↵" every time you need to run Autosave. On Mac OS X and Ubuntu you can run Autosave on OS launch as a <a href="http://en.wikipedia.org/wiki/Daemon_(computing)">daemon</a>. To do so run:\n\n    npm run-script -g autosave autostart\n\nIt is [not yet available](https://github.com/NV/chrome-devtools-autosave-server/issues/9) on other operation systems.\n',
40 silly resolved     readmeFilename: 'README.mdown',
40 silly resolved     _id: 'autosave@1.0.3',
40 silly resolved     dist:
40 silly resolved      { shasum: '212bb1c41f5a9a427679610335e0a21858ab07d0',
40 silly resolved        tarball: 'http://registry.npmjs.org/autosave/-/autosave-1.0.3.tgz' },
40 silly resolved     _npmVersion: '1.1.65',
40 silly resolved     _npmUser: { name: 'nv', email: 'me@elv1s.ru' },
40 silly resolved     maintainers: [ [Object] ],
40 silly resolved     directories: {},
40 silly resolved     _shasum: '212bb1c41f5a9a427679610335e0a21858ab07d0',
40 silly resolved     _from: 'autosave@',
40 silly resolved     _resolved: 'https://registry.npmjs.org/autosave/-/autosave-1.0.3.tgz',
40 silly resolved     homepage: 'https://github.com/NV/chrome-devtools-autosave-server' } ]
41 info install autosave@1.0.3 into /usr/lib
42 info installOne autosave@1.0.3
43 verbose lib/node_modules/autosave unbuild
44 verbose tar unpack /home/joarija/.npm/autosave/1.0.3/package.tgz
45 silly lockFile 3762193b-ar-usr-lib-node-modules-autosave tar:///usr/lib/node_modules/autosave
46 verbose lock tar:///usr/lib/node_modules/autosave /home/joarija/.npm/3762193b-ar-usr-lib-node-modules-autosave.lock
47 silly lockFile 99078a6d-a-npm-autosave-1-0-3-package-tgz tar:///home/joarija/.npm/autosave/1.0.3/package.tgz
48 verbose lock tar:///home/joarija/.npm/autosave/1.0.3/package.tgz /home/joarija/.npm/99078a6d-a-npm-autosave-1-0-3-package-tgz.lock
49 silly gunzTarPerm modes [ '775', '664' ]
50 error Error: EACCES, mkdir '/usr/lib/node_modules/autosave'
50 error  { [Error: EACCES, mkdir '/usr/lib/node_modules/autosave']
50 error   errno: 3,
50 error   code: 'EACCES',
50 error   path: '/usr/lib/node_modules/autosave',
50 error   fstream_type: 'Directory',
50 error   fstream_path: '/usr/lib/node_modules/autosave',
50 error   fstream_class: 'DirWriter',
50 error   fstream_stack:
50 error    [ '/usr/lib/node_modules/npm/node_modules/fstream/lib/dir-writer.js:36:23',
50 error      '/usr/lib/node_modules/npm/node_modules/mkdirp/index.js:46:53',
50 error      'Object.oncomplete (fs.js:108:15)' ] }
51 error Please try running this command again as root/Administrator.
52 error System Linux 3.16.0-34-generic
53 error command "/usr/bin/node" "/usr/bin/npm" "install" "-g" "autosave"
54 error cwd /home/joarija/projects/libreeze
55 error node -v v0.10.37
56 error npm -v 1.4.28
57 error path /usr/lib/node_modules/autosave
58 error fstream_path /usr/lib/node_modules/autosave
59 error fstream_type Directory
60 error fstream_class DirWriter
61 error code EACCES
62 error errno 3
63 error stack Error: EACCES, mkdir '/usr/lib/node_modules/autosave'
64 error fstream_stack /usr/lib/node_modules/npm/node_modules/fstream/lib/dir-writer.js:36:23
64 error fstream_stack /usr/lib/node_modules/npm/node_modules/mkdirp/index.js:46:53
64 error fstream_stack Object.oncomplete (fs.js:108:15)
65 verbose exit [ 3, true ]
